0 info it worked if it ends with ok
1 verbose cli [ 'node', '/Users/dominictarr/.nave/stable/bin/npm', 'pub' ]
2 info using npm@1.2.3
3 info using node@v0.8.16
4 verbose node symlink /Users/dominictarr/.nave/stable/bin/node
5 verbose publish [ '.' ]
6 verbose read json /Users/dominictarr/c/pull-stream/package.json
7 verbose cache add [ '.', null ]
8 verbose cache add name=undefined spec="." args=[".",null]
9 verbose parsed url { pathname: '.', path: '.', href: '.' }
10 silly lockFile 3a52ce78- .
11 verbose lock . /Users/dominictarr/.npm/3a52ce78-.lock
12 verbose read json package.json
13 silly lockFile 3a52ce78- .
14 error addLocal Could not install .
15 error Error: ENOENT, open 'package.json'
16 error If you need help, you may report this log at:
16 error     <http://github.com/isaacs/npm/issues>
16 error or email it to:
16 error     <npm-@googlegroups.com>
17 error System Darwin 12.2.1
18 error command "node" "/Users/dominictarr/.nave/stable/bin/npm" "pub"
19 error cwd /Users/dominictarr/c/pull-stream
20 error node -v v0.8.16
21 error npm -v 1.2.3
22 error path package.json
23 error code ENOENT
24 error errno 34
25 verbose exit [ 34, true ]
